<beans xmlns="http://www.springframework.org/schema/beans"
	xmlns:xsi="http://www.w3.org/2001/XMLSchema-instance" xmlns:context="http://www.springframework.org/schema/context"
	xsi:schemaLocation="
       http://www.springframework.org/schema/beans http://www.springframework.org/schema/beans/spring-beans.xsd
       http://camel.apache.org/schema/spring http://camel.apache.org/schema/spring/camel-spring.xsd
    ">

	<!-- SOURCE:: http://camel.apache.org/spring-testing.html -->
	<camelContext xmlns="http://camel.apache.org/schema/spring">
		<routeContextRef ref="myRoutes" />
		
		<routeContextRef ref="myTestRoutes" />
	</camelContext>
	
</beans>